-- The C compiler identification is GNU 9.4.0
-- The CXX compiler identification is GNU 9.4.0
-- Detecting C compiler ABI info
-- Detecting C compiler ABI info - done
-- Check for working C compiler: /usr/bin/cc - skipped
-- Detecting C compile features
-- Detecting C compile features - done
-- Detecting CXX compiler ABI info
-- Detecting CXX compiler ABI info - done
-- Check for working CXX compiler: /usr/bin/c++ - skipped
-- Detecting CXX compile features
-- Detecting CXX compile features - done
-- Found ament_cmake: 1.3.8 (/home/bupt-rc/ros2_humble/install/ament_cmake/share/ament_cmake/cmake)
-- Found Python3: /home/bupt-rc/anaconda3/envs/ros_env/bin/python3 (found version "3.10.14") found components: Interpreter 
-- Looking for pthread.h
-- Looking for pthread.h - found
-- Performing Test CMAKE_HAVE_LIBC_PTHREAD
-- Performing Test CMAKE_HAVE_LIBC_PTHREAD - Failed
-- Looking for pthread_create in pthreads
-- Looking for pthread_create in pthreads - not found
-- Looking for pthread_create in pthread
-- Looking for pthread_create in pthread - found
-- Found Threads: TRUE  
-- Found CUDA: /usr/local/cuda-11.4 (found version "11.4") 
[0mEmbed_platform on[0m
-- Found OpenCV: /usr (found version "4.5.4") 
-- Found rclcpp: 16.0.8 (/home/bupt-rc/ros2_humble/install/rclcpp/share/rclcpp/cmake)
-- Found rosidl_generator_c: 3.1.5 (/home/bupt-rc/ros2_humble/install/rosidl_generator_c/share/rosidl_generator_c/cmake)
-- Found rosidl_adapter: 3.1.5 (/home/bupt-rc/ros2_humble/install/rosidl_adapter/share/rosidl_adapter/cmake)
-- Found rosidl_generator_cpp: 3.1.5 (/home/bupt-rc/ros2_humble/install/rosidl_generator_cpp/share/rosidl_generator_cpp/cmake)
-- Using all available rosidl_typesupport_c: rosidl_typesupport_introspection_c;rosidl_typesupport_fastrtps_c
-- Using all available rosidl_typesupport_cpp: rosidl_typesupport_introspection_cpp;rosidl_typesupport_fastrtps_cpp
-- Found rmw_implementation_cmake: 6.1.1 (/home/bupt-rc/ros2_humble/install/rmw_implementation_cmake/share/rmw_implementation_cmake/cmake)
-- Found rmw_fastrtps_cpp: 6.2.6 (/home/bupt-rc/ros2_humble/install/rmw_fastrtps_cpp/share/rmw_fastrtps_cpp/cmake)
-- Found OpenSSL: /usr/lib/aarch64-linux-gnu/libcrypto.so (found version "1.1.1f")  
-- Found FastRTPS: /home/bupt-rc/ros2_humble/install/fastrtps/include  
-- Using RMW implementation 'rmw_fastrtps_cpp' as default
-- Found bupt_rc_cv_interfaces: 1.0.0 (/home/bupt-rc/ros2_ws/bupt_rc_cv_ws/install/bupt_rc_cv_interfaces/share/bupt_rc_cv_interfaces/cmake)
-- Found ament_lint_auto: 0.12.10 (/home/bupt-rc/ros2_humble/install/ament_lint_auto/share/ament_lint_auto/cmake)
WARNING: Package name "bupt_rc_cv_inference_Yolov8TensorrtBytetrack" does not follow the naming conventions. It should start with a lower case letter and only contain lower case letters, digits, underscores, and dashes.
-- Added test 'cppcheck' to perform static code analysis on C / C++ code
-- Configured cppcheck include dirs: /home/bupt-rc/ros2_ws/bupt_rc_cv_ws/src/bupt_rc_cv_inference_Yolov8TensorrtBytetrack/bytetrack/include;/home/bupt-rc/ros2_ws/bupt_rc_cv_ws/src/bupt_rc_cv_inference_Yolov8TensorrtBytetrack/yolo/include;/home/bupt-rc/ros2_ws/bupt_rc_cv_ws/src/bupt_rc_cv_inference_Yolov8TensorrtBytetrack/yolo/plugin
-- Configured cppcheck exclude dirs and/or files: 
-- Added test 'flake8' to check Python code syntax and style conventions
-- Added test 'lint_cmake' to check CMake code style
-- Added test 'pep257' to check Python code against some of the docstring style conventions in PEP 257
-- Added test 'uncrustify' to check C / C++ code style
-- Configured uncrustify additional arguments: 
-- Added test 'xmllint' to check XML markup files
-- Configuring done
-- Generating done
-- Build files have been written to: /home/bupt-rc/ros2_ws/bupt_rc_cv_ws/src/bupt_rc_cv_inference_Yolov8TensorrtBytetrack/build/bupt_rc_cv_inference_Yolov8TensorrtBytetrack
[ 15%] [34m[1mBuilding NVCC (Device) object CMakeFiles/yolo_infer.dir/yolo/plugin/yolo_infer_generated_yololayer.cu.o[0m
[ 15%] [34m[1mBuilding NVCC (Device) object CMakeFiles/yolo_infer.dir/yolo/src/yolo_infer_generated_preprocess.cu.o[0m
[ 46%] [32mBuilding CXX object CMakeFiles/bytetrack.dir/bytetrack/src/STrack.cpp.o[0m
[ 46%] [32mBuilding CXX object CMakeFiles/bytetrack.dir/bytetrack/src/kalmanFilter.cpp.o[0m
[ 46%] [32mBuilding CXX object CMakeFiles/bytetrack.dir/bytetrack/src/BYTETracker.cpp.o[0m
[ 46%] [32mBuilding CXX object CMakeFiles/bytetrack.dir/bytetrack/src/lapjv.cpp.o[0m
[01m[K/home/bupt-rc/ros2_ws/bupt_rc_cv_ws/src/bupt_rc_cv_inference_Yolov8TensorrtBytetrack/bytetrack/src/lapjv.cpp:[m[K In function â€˜[01m[Kuint_t _find_dense(uint_t, uint_t, cost_t*, int_t*, int_t*)[m[Kâ€™:
[01m[K/home/bupt-rc/ros2_ws/bupt_rc_cv_ws/src/bupt_rc_cv_inference_Yolov8TensorrtBytetrack/bytetrack/src/lapjv.cpp:159:78:[m[K [01;35m[Kwarning: [m[Kunused parameter â€˜[01m[Ky[m[Kâ€™ [[01;35m[K-Wunused-parameter[m[K]
  159 | uint_t _find_dense(const uint_t n, uint_t lo, cost_t *d, int_t *cols, [01;35m[Kint_t *y[m[K)
      |                                                                       [01;35m[K~~~~~~~^[m[K
[ 53%] [32mBuilding CXX object CMakeFiles/bytetrack.dir/bytetrack/src/utils.cpp.o[0m
make[2]: *** [CMakeFiles/bytetrack.dir/build.make:104: CMakeFiles/bytetrack.dir/bytetrack/src/kalmanFilter.cpp.o] Interrupt
make[2]: *** [CMakeFiles/bytetrack.dir/build.make:76: CMakeFiles/bytetrack.dir/bytetrack/src/BYTETracker.cpp.o] Interrupt
make[2]: *** [CMakeFiles/bytetrack.dir/build.make:132: CMakeFiles/bytetrack.dir/bytetrack/src/utils.cpp.o] Interrupt
make[2]: *** wait: No child processes.  Stop.
make[2]: *** Waiting for unfinished jobs....
make[2]: *** wait: No child processes.  Stop.
make[1]: *** [CMakeFiles/Makefile2:141: CMakeFiles/bytetrack.dir/all] Error 2
make[2]: *** [CMakeFiles/yolo_infer.dir/build.make:84: CMakeFiles/yolo_infer.dir/yolo/src/yolo_infer_generated_preprocess.cu.o] Interrupt
make[2]: *** [CMakeFiles/yolo_infer.dir/build.make:77: CMakeFiles/yolo_infer.dir/yolo/plugin/yolo_infer_generated_yololayer.cu.o] Interrupt
make[1]: *** [CMakeFiles/Makefile2:166: CMakeFiles/yolo_infer.dir/all] Interrupt
make: *** [Makefile:146: all] Interrupt
