[0.090s] Invoking command in '/home/bupt-rc/ros2_ws/bupt_rc_cv_ws/src/bupt_rc_cv_inference_Yolov8TensorrtBytetrack/build/bupt_rc_cv_inference_Yolov8TensorrtBytetrack': CMAKE_PREFIX_PATH=${CMAKE_PREFIX_PATH}:/home/bupt-rc/ros2_humble/install/rqt_bag_plugins:/home/bupt-rc/ros2_humble/install/rqt_bag:/home/bupt-rc/ros2_humble/install/ros2bag:/home/bupt-rc/ros2_humble/install/tracetools_test:/home/bupt-rc/ros2_humble/install/tracetools_launch:/home/bupt-rc/ros2_humble/install/topic_monitor:/home/bupt-rc/ros2_humble/install/tf2_tools:/home/bupt-rc/ros2_humble/install/examples_tf2_py:/home/bupt-rc/ros2_humble/install/tf2_ros_py:/home/bupt-rc/ros2_humble/install/sros2:/home/bupt-rc/ros2_humble/install/rqt_topic:/home/bupt-rc/ros2_humble/install/rqt_srv:/home/bupt-rc/ros2_humble/install/rqt_shell:/home/bupt-rc/ros2_humble/install/rqt_service_caller:/home/bupt-rc/ros2_humble/install/rqt_reconfigure:/home/bupt-rc/ros2_humble/install/rqt_py_console:/home/bupt-rc/ros2_humble/install/rqt_publisher:/home/bupt-rc/ros2_humble/install/rqt_plot:/home/bupt-rc/ros2_humble/install/rqt_action:/home/bupt-rc/ros2_humble/install/rqt_msg:/home/bupt-rc/ros2_humble/install/rqt_console:/home/bupt-rc/ros2_humble/install/rqt:/home/bupt-rc/ros2_humble/install/rqt_graph:/home/bupt-rc/ros2_humble/install/rqt_gui_py:/home/bupt-rc/ros2_humble/install/rqt_gui:/home/bupt-rc/ros2_humble/install/ros2trace:/home/bupt-rc/ros2_humble/install/ros2topic:/home/bupt-rc/ros2_humble/install/ros2test:/home/bupt-rc/ros2_humble/install/ros2component:/home/bupt-rc/ros2_humble/install/ros2param:/home/bupt-rc/ros2_humble/install/ros2lifecycle:/home/bupt-rc/ros2_humble/install/ros2service:/home/bupt-rc/ros2_humble/install/ros2run:/home/bupt-rc/ros2_humble/install/ros2launch:/home/bupt-rc/ros2_humble/install/ros2pkg:/home/bupt-rc/ros2_humble/install/ros2node:/home/bupt-rc/ros2_humble/install/ros2multicast:/home/bupt-rc/ros2_humble/install/ros2interface:/home/bupt-rc/ros2_humble/install/ros2doctor:/home/bupt-rc/ros2_humble/install/ros2action:/home/bupt-rc/ros2_humble/install/ros2cli:/home/bupt-rc/ros2_humble/install/quality_of_service_demo_py:/home/bupt-rc/ros2_humble/install/lifecycle_py:/home/bupt-rc/ros2_humble/install/launch_testing_ros:/home/bupt-rc/ros2_humble/install/launch_ros:/home/bupt-rc/ros2_humble/install/examples_rclpy_pointcloud_publisher:/home/bupt-rc/ros2_humble/install/examples_rclpy_minimal_subscriber:/home/bupt-rc/ros2_humble/install/examples_rclpy_minimal_service:/home/bupt-rc/ros2_humble/install/examples_rclpy_minimal_publisher:/home/bupt-rc/ros2_humble/install/examples_rclpy_minimal_client:/home/bupt-rc/ros2_humble/install/examples_rclpy_minimal_action_server:/home/bupt-rc/ros2_humble/install/examples_rclpy_minimal_action_client:/home/bupt-rc/ros2_humble/install/examples_rclpy_guard_conditions:/home/bupt-rc/ros2_humble/install/examples_rclpy_executors:/home/bupt-rc/ros2_humble/install/demo_nodes_py:/home/bupt-rc/ros2_humble/install/action_tutorials_py:/home/bupt-rc/ros2_humble/install/ament_uncrustify:/home/bupt-rc/ros2_humble/install/tracetools_trace:/home/bupt-rc/ros2_humble/install/tracetools_read:/home/bupt-rc/ros2_humble/install/test_tracetools_launch:/home/bupt-rc/ros2_humble/install/test_launch_ros:/home/bupt-rc/ros2_humble/install/sensor_msgs_py:/home/bupt-rc/ros2_humble/install/rpyutils:/home/bupt-rc/ros2_humble/install/rosidl_runtime_py:/home/bupt-rc/ros2_humble/install/rosidl_cli:/home/bupt-rc/ros2_humble/install/launch_pytest:/home/bupt-rc/ros2_humble/install/launch_testing:/home/bupt-rc/ros2_humble/install/launch_yaml:/home/bupt-rc/ros2_humble/install/launch_xml:/home/bupt-rc/ros2_humble/install/launch:/home/bupt-rc/ros2_humble/install/osrf_pycommon:/home/bupt-rc/ros2_humble/install/launch_testing_examples:/home/bupt-rc/ros2_humble/install/domain_coordinator:/home/bupt-rc/ros2_humble/install/ament_xmllint:/home/bupt-rc/ros2_humble/install/ament_pyflakes:/home/bupt-rc/ros2_humble/install/ament_pycodestyle:/home/bupt-rc/ros2_humble/install/ament_pep257:/home/bupt-rc/ros2_humble/install/ament_pclint:/home/bupt-rc/ros2_humble/install/ament_package:/home/bupt-rc/ros2_humble/install/ament_mypy:/home/bupt-rc/ros2_humble/install/ament_lint_cmake:/home/bupt-rc/ros2_humble/install/ament_flake8:/home/bupt-rc/ros2_humble/install/ament_copyright:/home/bupt-rc/ros2_humble/install/ament_lint:/home/bupt-rc/ros2_humble/install/ament_index_python:/home/bupt-rc/ros2_humble/install/ament_cpplint:/home/bupt-rc/ros2_humble/install/ament_cppcheck:/home/bupt-rc/ros2_humble/install/ament_clang_tidy:/home/bupt-rc/ros2_humble/install/ament_clang_format CONDA_PROMPT_MODIFIER=(ros_env) /usr/local/bin/cmake /home/bupt-rc/ros2_ws/bupt_rc_cv_ws/src/bupt_rc_cv_inference_Yolov8TensorrtBytetrack -DCMAKE_INSTALL_PREFIX=/home/bupt-rc/ros2_ws/bupt_rc_cv_ws/src/bupt_rc_cv_inference_Yolov8TensorrtBytetrack/install/bupt_rc_cv_inference_Yolov8TensorrtBytetrack
[0.371s] -- The C compiler identification is GNU 9.4.0
[0.531s] -- The CXX compiler identification is GNU 9.4.0
[0.564s] -- Detecting C compiler ABI info
[0.757s] -- Detecting C compiler ABI info - done
[0.784s] -- Check for working C compiler: /usr/bin/cc - skipped
[0.785s] -- Detecting C compile features
[0.786s] -- Detecting C compile features - done
[0.795s] -- Detecting CXX compiler ABI info
[1.002s] -- Detecting CXX compiler ABI info - done
[1.028s] -- Check for working CXX compiler: /usr/bin/c++ - skipped
[1.029s] -- Detecting CXX compile features
[1.030s] -- Detecting CXX compile features - done
[1.076s] -- Found ament_cmake: 1.3.8 (/home/bupt-rc/ros2_humble/install/ament_cmake/share/ament_cmake/cmake)
[3.476s] -- Found Python3: /home/bupt-rc/anaconda3/envs/ros_env/bin/python3 (found version "3.10.14") found components: Interpreter 
[4.730s] -- Looking for pthread.h
[4.923s] -- Looking for pthread.h - found
[4.924s] -- Performing Test CMAKE_HAVE_LIBC_PTHREAD
[5.128s] -- Performing Test CMAKE_HAVE_LIBC_PTHREAD - Failed
[5.129s] -- Looking for pthread_create in pthreads
[5.311s] -- Looking for pthread_create in pthreads - not found
[5.312s] -- Looking for pthread_create in pthread
[5.511s] -- Looking for pthread_create in pthread - found
[5.514s] -- Found Threads: TRUE  
[5.597s] -- Found CUDA: /usr/local/cuda-11.4 (found version "11.4") 
[5.599s] [0mEmbed_platform on[0m
[5.665s] -- Found OpenCV: /usr (found version "4.5.4") 
[5.750s] -- Found rclcpp: 16.0.8 (/home/bupt-rc/ros2_humble/install/rclcpp/share/rclcpp/cmake)
[6.145s] -- Found rosidl_generator_c: 3.1.5 (/home/bupt-rc/ros2_humble/install/rosidl_generator_c/share/rosidl_generator_c/cmake)
[6.210s] -- Found rosidl_adapter: 3.1.5 (/home/bupt-rc/ros2_humble/install/rosidl_adapter/share/rosidl_adapter/cmake)
[6.281s] -- Found rosidl_generator_cpp: 3.1.5 (/home/bupt-rc/ros2_humble/install/rosidl_generator_cpp/share/rosidl_generator_cpp/cmake)
[6.418s] -- Using all available rosidl_typesupport_c: rosidl_typesupport_introspection_c;rosidl_typesupport_fastrtps_c
[6.592s] -- Using all available rosidl_typesupport_cpp: rosidl_typesupport_introspection_cpp;rosidl_typesupport_fastrtps_cpp
[7.048s] -- Found rmw_implementation_cmake: 6.1.1 (/home/bupt-rc/ros2_humble/install/rmw_implementation_cmake/share/rmw_implementation_cmake/cmake)
[7.122s] -- Found rmw_fastrtps_cpp: 6.2.6 (/home/bupt-rc/ros2_humble/install/rmw_fastrtps_cpp/share/rmw_fastrtps_cpp/cmake)
[7.770s] -- Found OpenSSL: /usr/lib/aarch64-linux-gnu/libcrypto.so (found version "1.1.1f")  
[7.906s] -- Found FastRTPS: /home/bupt-rc/ros2_humble/install/fastrtps/include  
[8.175s] -- Using RMW implementation 'rmw_fastrtps_cpp' as default
[8.685s] -- Found bupt_rc_cv_interfaces: 1.0.0 (/home/bupt-rc/ros2_ws/bupt_rc_cv_ws/install/bupt_rc_cv_interfaces/share/bupt_rc_cv_interfaces/cmake)
[8.779s] -- Found ament_lint_auto: 0.12.10 (/home/bupt-rc/ros2_humble/install/ament_lint_auto/share/ament_lint_auto/cmake)
[9.357s] WARNING: Package name "bupt_rc_cv_inference_Yolov8TensorrtBytetrack" does not follow the naming conventions. It should start with a lower case letter and only contain lower case letters, digits, underscores, and dashes.
[9.684s] -- Added test 'cppcheck' to perform static code analysis on C / C++ code
[9.686s] -- Configured cppcheck include dirs: /home/bupt-rc/ros2_ws/bupt_rc_cv_ws/src/bupt_rc_cv_inference_Yolov8TensorrtBytetrack/bytetrack/include;/home/bupt-rc/ros2_ws/bupt_rc_cv_ws/src/bupt_rc_cv_inference_Yolov8TensorrtBytetrack/yolo/include;/home/bupt-rc/ros2_ws/bupt_rc_cv_ws/src/bupt_rc_cv_inference_Yolov8TensorrtBytetrack/yolo/plugin
[9.686s] -- Configured cppcheck exclude dirs and/or files: 
[9.707s] -- Added test 'flake8' to check Python code syntax and style conventions
[9.733s] -- Added test 'lint_cmake' to check CMake code style
[9.754s] -- Added test 'pep257' to check Python code against some of the docstring style conventions in PEP 257
[9.817s] -- Added test 'uncrustify' to check C / C++ code style
[9.818s] -- Configured uncrustify additional arguments: 
[9.837s] -- Added test 'xmllint' to check XML markup files
[9.864s] -- Configuring done
[9.925s] -- Generating done
[9.929s] -- Build files have been written to: /home/bupt-rc/ros2_ws/bupt_rc_cv_ws/src/bupt_rc_cv_inference_Yolov8TensorrtBytetrack/build/bupt_rc_cv_inference_Yolov8TensorrtBytetrack
[9.953s] Invoked command in '/home/bupt-rc/ros2_ws/bupt_rc_cv_ws/src/bupt_rc_cv_inference_Yolov8TensorrtBytetrack/build/bupt_rc_cv_inference_Yolov8TensorrtBytetrack' returned '0': CMAKE_PREFIX_PATH=${CMAKE_PREFIX_PATH}:/home/bupt-rc/ros2_humble/install/rqt_bag_plugins:/home/bupt-rc/ros2_humble/install/rqt_bag:/home/bupt-rc/ros2_humble/install/ros2bag:/home/bupt-rc/ros2_humble/install/tracetools_test:/home/bupt-rc/ros2_humble/install/tracetools_launch:/home/bupt-rc/ros2_humble/install/topic_monitor:/home/bupt-rc/ros2_humble/install/tf2_tools:/home/bupt-rc/ros2_humble/install/examples_tf2_py:/home/bupt-rc/ros2_humble/install/tf2_ros_py:/home/bupt-rc/ros2_humble/install/sros2:/home/bupt-rc/ros2_humble/install/rqt_topic:/home/bupt-rc/ros2_humble/install/rqt_srv:/home/bupt-rc/ros2_humble/install/rqt_shell:/home/bupt-rc/ros2_humble/install/rqt_service_caller:/home/bupt-rc/ros2_humble/install/rqt_reconfigure:/home/bupt-rc/ros2_humble/install/rqt_py_console:/home/bupt-rc/ros2_humble/install/rqt_publisher:/home/bupt-rc/ros2_humble/install/rqt_plot:/home/bupt-rc/ros2_humble/install/rqt_action:/home/bupt-rc/ros2_humble/install/rqt_msg:/home/bupt-rc/ros2_humble/install/rqt_console:/home/bupt-rc/ros2_humble/install/rqt:/home/bupt-rc/ros2_humble/install/rqt_graph:/home/bupt-rc/ros2_humble/install/rqt_gui_py:/home/bupt-rc/ros2_humble/install/rqt_gui:/home/bupt-rc/ros2_humble/install/ros2trace:/home/bupt-rc/ros2_humble/install/ros2topic:/home/bupt-rc/ros2_humble/install/ros2test:/home/bupt-rc/ros2_humble/install/ros2component:/home/bupt-rc/ros2_humble/install/ros2param:/home/bupt-rc/ros2_humble/install/ros2lifecycle:/home/bupt-rc/ros2_humble/install/ros2service:/home/bupt-rc/ros2_humble/install/ros2run:/home/bupt-rc/ros2_humble/install/ros2launch:/home/bupt-rc/ros2_humble/install/ros2pkg:/home/bupt-rc/ros2_humble/install/ros2node:/home/bupt-rc/ros2_humble/install/ros2multicast:/home/bupt-rc/ros2_humble/install/ros2interface:/home/bupt-rc/ros2_humble/install/ros2doctor:/home/bupt-rc/ros2_humble/install/ros2action:/home/bupt-rc/ros2_humble/install/ros2cli:/home/bupt-rc/ros2_humble/install/quality_of_service_demo_py:/home/bupt-rc/ros2_humble/install/lifecycle_py:/home/bupt-rc/ros2_humble/install/launch_testing_ros:/home/bupt-rc/ros2_humble/install/launch_ros:/home/bupt-rc/ros2_humble/install/examples_rclpy_pointcloud_publisher:/home/bupt-rc/ros2_humble/install/examples_rclpy_minimal_subscriber:/home/bupt-rc/ros2_humble/install/examples_rclpy_minimal_service:/home/bupt-rc/ros2_humble/install/examples_rclpy_minimal_publisher:/home/bupt-rc/ros2_humble/install/examples_rclpy_minimal_client:/home/bupt-rc/ros2_humble/install/examples_rclpy_minimal_action_server:/home/bupt-rc/ros2_humble/install/examples_rclpy_minimal_action_client:/home/bupt-rc/ros2_humble/install/examples_rclpy_guard_conditions:/home/bupt-rc/ros2_humble/install/examples_rclpy_executors:/home/bupt-rc/ros2_humble/install/demo_nodes_py:/home/bupt-rc/ros2_humble/install/action_tutorials_py:/home/bupt-rc/ros2_humble/install/ament_uncrustify:/home/bupt-rc/ros2_humble/install/tracetools_trace:/home/bupt-rc/ros2_humble/install/tracetools_read:/home/bupt-rc/ros2_humble/install/test_tracetools_launch:/home/bupt-rc/ros2_humble/install/test_launch_ros:/home/bupt-rc/ros2_humble/install/sensor_msgs_py:/home/bupt-rc/ros2_humble/install/rpyutils:/home/bupt-rc/ros2_humble/install/rosidl_runtime_py:/home/bupt-rc/ros2_humble/install/rosidl_cli:/home/bupt-rc/ros2_humble/install/launch_pytest:/home/bupt-rc/ros2_humble/install/launch_testing:/home/bupt-rc/ros2_humble/install/launch_yaml:/home/bupt-rc/ros2_humble/install/launch_xml:/home/bupt-rc/ros2_humble/install/launch:/home/bupt-rc/ros2_humble/install/osrf_pycommon:/home/bupt-rc/ros2_humble/install/launch_testing_examples:/home/bupt-rc/ros2_humble/install/domain_coordinator:/home/bupt-rc/ros2_humble/install/ament_xmllint:/home/bupt-rc/ros2_humble/install/ament_pyflakes:/home/bupt-rc/ros2_humble/install/ament_pycodestyle:/home/bupt-rc/ros2_humble/install/ament_pep257:/home/bupt-rc/ros2_humble/install/ament_pclint:/home/bupt-rc/ros2_humble/install/ament_package:/home/bupt-rc/ros2_humble/install/ament_mypy:/home/bupt-rc/ros2_humble/install/ament_lint_cmake:/home/bupt-rc/ros2_humble/install/ament_flake8:/home/bupt-rc/ros2_humble/install/ament_copyright:/home/bupt-rc/ros2_humble/install/ament_lint:/home/bupt-rc/ros2_humble/install/ament_index_python:/home/bupt-rc/ros2_humble/install/ament_cpplint:/home/bupt-rc/ros2_humble/install/ament_cppcheck:/home/bupt-rc/ros2_humble/install/ament_clang_tidy:/home/bupt-rc/ros2_humble/install/ament_clang_format CONDA_PROMPT_MODIFIER=(ros_env) /usr/local/bin/cmake /home/bupt-rc/ros2_ws/bupt_rc_cv_ws/src/bupt_rc_cv_inference_Yolov8TensorrtBytetrack -DCMAKE_INSTALL_PREFIX=/home/bupt-rc/ros2_ws/bupt_rc_cv_ws/src/bupt_rc_cv_inference_Yolov8TensorrtBytetrack/install/bupt_rc_cv_inference_Yolov8TensorrtBytetrack
[9.962s] Invoking command in '/home/bupt-rc/ros2_ws/bupt_rc_cv_ws/src/bupt_rc_cv_inference_Yolov8TensorrtBytetrack/build/bupt_rc_cv_inference_Yolov8TensorrtBytetrack': CMAKE_PREFIX_PATH=${CMAKE_PREFIX_PATH}:/home/bupt-rc/ros2_humble/install/rqt_bag_plugins:/home/bupt-rc/ros2_humble/install/rqt_bag:/home/bupt-rc/ros2_humble/install/ros2bag:/home/bupt-rc/ros2_humble/install/tracetools_test:/home/bupt-rc/ros2_humble/install/tracetools_launch:/home/bupt-rc/ros2_humble/install/topic_monitor:/home/bupt-rc/ros2_humble/install/tf2_tools:/home/bupt-rc/ros2_humble/install/examples_tf2_py:/home/bupt-rc/ros2_humble/install/tf2_ros_py:/home/bupt-rc/ros2_humble/install/sros2:/home/bupt-rc/ros2_humble/install/rqt_topic:/home/bupt-rc/ros2_humble/install/rqt_srv:/home/bupt-rc/ros2_humble/install/rqt_shell:/home/bupt-rc/ros2_humble/install/rqt_service_caller:/home/bupt-rc/ros2_humble/install/rqt_reconfigure:/home/bupt-rc/ros2_humble/install/rqt_py_console:/home/bupt-rc/ros2_humble/install/rqt_publisher:/home/bupt-rc/ros2_humble/install/rqt_plot:/home/bupt-rc/ros2_humble/install/rqt_action:/home/bupt-rc/ros2_humble/install/rqt_msg:/home/bupt-rc/ros2_humble/install/rqt_console:/home/bupt-rc/ros2_humble/install/rqt:/home/bupt-rc/ros2_humble/install/rqt_graph:/home/bupt-rc/ros2_humble/install/rqt_gui_py:/home/bupt-rc/ros2_humble/install/rqt_gui:/home/bupt-rc/ros2_humble/install/ros2trace:/home/bupt-rc/ros2_humble/install/ros2topic:/home/bupt-rc/ros2_humble/install/ros2test:/home/bupt-rc/ros2_humble/install/ros2component:/home/bupt-rc/ros2_humble/install/ros2param:/home/bupt-rc/ros2_humble/install/ros2lifecycle:/home/bupt-rc/ros2_humble/install/ros2service:/home/bupt-rc/ros2_humble/install/ros2run:/home/bupt-rc/ros2_humble/install/ros2launch:/home/bupt-rc/ros2_humble/install/ros2pkg:/home/bupt-rc/ros2_humble/install/ros2node:/home/bupt-rc/ros2_humble/install/ros2multicast:/home/bupt-rc/ros2_humble/install/ros2interface:/home/bupt-rc/ros2_humble/install/ros2doctor:/home/bupt-rc/ros2_humble/install/ros2action:/home/bupt-rc/ros2_humble/install/ros2cli:/home/bupt-rc/ros2_humble/install/quality_of_service_demo_py:/home/bupt-rc/ros2_humble/install/lifecycle_py:/home/bupt-rc/ros2_humble/install/launch_testing_ros:/home/bupt-rc/ros2_humble/install/launch_ros:/home/bupt-rc/ros2_humble/install/examples_rclpy_pointcloud_publisher:/home/bupt-rc/ros2_humble/install/examples_rclpy_minimal_subscriber:/home/bupt-rc/ros2_humble/install/examples_rclpy_minimal_service:/home/bupt-rc/ros2_humble/install/examples_rclpy_minimal_publisher:/home/bupt-rc/ros2_humble/install/examples_rclpy_minimal_client:/home/bupt-rc/ros2_humble/install/examples_rclpy_minimal_action_server:/home/bupt-rc/ros2_humble/install/examples_rclpy_minimal_action_client:/home/bupt-rc/ros2_humble/install/examples_rclpy_guard_conditions:/home/bupt-rc/ros2_humble/install/examples_rclpy_executors:/home/bupt-rc/ros2_humble/install/demo_nodes_py:/home/bupt-rc/ros2_humble/install/action_tutorials_py:/home/bupt-rc/ros2_humble/install/ament_uncrustify:/home/bupt-rc/ros2_humble/install/tracetools_trace:/home/bupt-rc/ros2_humble/install/tracetools_read:/home/bupt-rc/ros2_humble/install/test_tracetools_launch:/home/bupt-rc/ros2_humble/install/test_launch_ros:/home/bupt-rc/ros2_humble/install/sensor_msgs_py:/home/bupt-rc/ros2_humble/install/rpyutils:/home/bupt-rc/ros2_humble/install/rosidl_runtime_py:/home/bupt-rc/ros2_humble/install/rosidl_cli:/home/bupt-rc/ros2_humble/install/launch_pytest:/home/bupt-rc/ros2_humble/install/launch_testing:/home/bupt-rc/ros2_humble/install/launch_yaml:/home/bupt-rc/ros2_humble/install/launch_xml:/home/bupt-rc/ros2_humble/install/launch:/home/bupt-rc/ros2_humble/install/osrf_pycommon:/home/bupt-rc/ros2_humble/install/launch_testing_examples:/home/bupt-rc/ros2_humble/install/domain_coordinator:/home/bupt-rc/ros2_humble/install/ament_xmllint:/home/bupt-rc/ros2_humble/install/ament_pyflakes:/home/bupt-rc/ros2_humble/install/ament_pycodestyle:/home/bupt-rc/ros2_humble/install/ament_pep257:/home/bupt-rc/ros2_humble/install/ament_pclint:/home/bupt-rc/ros2_humble/install/ament_package:/home/bupt-rc/ros2_humble/install/ament_mypy:/home/bupt-rc/ros2_humble/install/ament_lint_cmake:/home/bupt-rc/ros2_humble/install/ament_flake8:/home/bupt-rc/ros2_humble/install/ament_copyright:/home/bupt-rc/ros2_humble/install/ament_lint:/home/bupt-rc/ros2_humble/install/ament_index_python:/home/bupt-rc/ros2_humble/install/ament_cpplint:/home/bupt-rc/ros2_humble/install/ament_cppcheck:/home/bupt-rc/ros2_humble/install/ament_clang_tidy:/home/bupt-rc/ros2_humble/install/ament_clang_format CONDA_PROMPT_MODIFIER=(ros_env) /usr/local/bin/cmake --build /home/bupt-rc/ros2_ws/bupt_rc_cv_ws/src/bupt_rc_cv_inference_Yolov8TensorrtBytetrack/build/bupt_rc_cv_inference_Yolov8TensorrtBytetrack -- -j6 -l6
[10.062s] [ 15%] [34m[1mBuilding NVCC (Device) object CMakeFiles/yolo_infer.dir/yolo/plugin/yolo_infer_generated_yololayer.cu.o[0m
[10.062s] [ 15%] [34m[1mBuilding NVCC (Device) object CMakeFiles/yolo_infer.dir/yolo/src/yolo_infer_generated_preprocess.cu.o[0m
[10.091s] [ 46%] [32mBuilding CXX object CMakeFiles/bytetrack.dir/bytetrack/src/STrack.cpp.o[0m
[10.091s] [ 46%] [32mBuilding CXX object CMakeFiles/bytetrack.dir/bytetrack/src/kalmanFilter.cpp.o[0m
[10.091s] [ 46%] [32mBuilding CXX object CMakeFiles/bytetrack.dir/bytetrack/src/BYTETracker.cpp.o[0m
[10.092s] [ 46%] [32mBuilding CXX object CMakeFiles/bytetrack.dir/bytetrack/src/lapjv.cpp.o[0m
[10.158s] [01m[K/home/bupt-rc/ros2_ws/bupt_rc_cv_ws/src/bupt_rc_cv_inference_Yolov8TensorrtBytetrack/bytetrack/src/lapjv.cpp:[m[K In function â€˜[01m[Kuint_t _find_dense(uint_t, uint_t, cost_t*, int_t*, int_t*)[m[Kâ€™:
[10.158s] [01m[K/home/bupt-rc/ros2_ws/bupt_rc_cv_ws/src/bupt_rc_cv_inference_Yolov8TensorrtBytetrack/bytetrack/src/lapjv.cpp:159:78:[m[K [01;35m[Kwarning: [m[Kunused parameter â€˜[01m[Ky[m[Kâ€™ [[01;35m[K-Wunused-parameter[m[K]
[10.158s]   159 | uint_t _find_dense(const uint_t n, uint_t lo, cost_t *d, int_t *cols, [01;35m[Kint_t *y[m[K)
[10.158s]       |                                                                       [01;35m[K~~~~~~~^[m[K
[10.256s] [ 53%] [32mBuilding CXX object CMakeFiles/bytetrack.dir/bytetrack/src/utils.cpp.o[0m
[13.459s] make[2]: *** [CMakeFiles/bytetrack.dir/build.make:104: CMakeFiles/bytetrack.dir/bytetrack/src/kalmanFilter.cpp.o] Interrupt
[13.460s] make[2]: *** [CMakeFiles/bytetrack.dir/build.make:76: CMakeFiles/bytetrack.dir/bytetrack/src/BYTETracker.cpp.o] Interrupt
[13.460s] make[2]: *** [CMakeFiles/bytetrack.dir/build.make:132: CMakeFiles/bytetrack.dir/bytetrack/src/utils.cpp.o] Interrupt
[13.461s] make[2]: *** wait: No child processes.  Stop.
[13.461s] make[2]: *** Waiting for unfinished jobs....
[13.461s] make[2]: *** wait: No child processes.  Stop.
[13.461s] make[1]: *** [CMakeFiles/Makefile2:141: CMakeFiles/bytetrack.dir/all] Error 2
[13.508s] make[2]: *** [CMakeFiles/yolo_infer.dir/build.make:84: CMakeFiles/yolo_infer.dir/yolo/src/yolo_infer_generated_preprocess.cu.o] Interrupt
[13.509s] make[2]: *** [CMakeFiles/yolo_infer.dir/build.make:77: CMakeFiles/yolo_infer.dir/yolo/plugin/yolo_infer_generated_yololayer.cu.o] Interrupt
[13.510s] make[1]: *** [CMakeFiles/Makefile2:166: CMakeFiles/yolo_infer.dir/all] Interrupt
[13.510s] make: *** [Makefile:146: all] Interrupt
[13.517s] Invoked command in '/home/bupt-rc/ros2_ws/bupt_rc_cv_ws/src/bupt_rc_cv_inference_Yolov8TensorrtBytetrack/build/bupt_rc_cv_inference_Yolov8TensorrtBytetrack' returned '-2': CMAKE_PREFIX_PATH=${CMAKE_PREFIX_PATH}:/home/bupt-rc/ros2_humble/install/rqt_bag_plugins:/home/bupt-rc/ros2_humble/install/rqt_bag:/home/bupt-rc/ros2_humble/install/ros2bag:/home/bupt-rc/ros2_humble/install/tracetools_test:/home/bupt-rc/ros2_humble/install/tracetools_launch:/home/bupt-rc/ros2_humble/install/topic_monitor:/home/bupt-rc/ros2_humble/install/tf2_tools:/home/bupt-rc/ros2_humble/install/examples_tf2_py:/home/bupt-rc/ros2_humble/install/tf2_ros_py:/home/bupt-rc/ros2_humble/install/sros2:/home/bupt-rc/ros2_humble/install/rqt_topic:/home/bupt-rc/ros2_humble/install/rqt_srv:/home/bupt-rc/ros2_humble/install/rqt_shell:/home/bupt-rc/ros2_humble/install/rqt_service_caller:/home/bupt-rc/ros2_humble/install/rqt_reconfigure:/home/bupt-rc/ros2_humble/install/rqt_py_console:/home/bupt-rc/ros2_humble/install/rqt_publisher:/home/bupt-rc/ros2_humble/install/rqt_plot:/home/bupt-rc/ros2_humble/install/rqt_action:/home/bupt-rc/ros2_humble/install/rqt_msg:/home/bupt-rc/ros2_humble/install/rqt_console:/home/bupt-rc/ros2_humble/install/rqt:/home/bupt-rc/ros2_humble/install/rqt_graph:/home/bupt-rc/ros2_humble/install/rqt_gui_py:/home/bupt-rc/ros2_humble/install/rqt_gui:/home/bupt-rc/ros2_humble/install/ros2trace:/home/bupt-rc/ros2_humble/install/ros2topic:/home/bupt-rc/ros2_humble/install/ros2test:/home/bupt-rc/ros2_humble/install/ros2component:/home/bupt-rc/ros2_humble/install/ros2param:/home/bupt-rc/ros2_humble/install/ros2lifecycle:/home/bupt-rc/ros2_humble/install/ros2service:/home/bupt-rc/ros2_humble/install/ros2run:/home/bupt-rc/ros2_humble/install/ros2launch:/home/bupt-rc/ros2_humble/install/ros2pkg:/home/bupt-rc/ros2_humble/install/ros2node:/home/bupt-rc/ros2_humble/install/ros2multicast:/home/bupt-rc/ros2_humble/install/ros2interface:/home/bupt-rc/ros2_humble/install/ros2doctor:/home/bupt-rc/ros2_humble/install/ros2action:/home/bupt-rc/ros2_humble/install/ros2cli:/home/bupt-rc/ros2_humble/install/quality_of_service_demo_py:/home/bupt-rc/ros2_humble/install/lifecycle_py:/home/bupt-rc/ros2_humble/install/launch_testing_ros:/home/bupt-rc/ros2_humble/install/launch_ros:/home/bupt-rc/ros2_humble/install/examples_rclpy_pointcloud_publisher:/home/bupt-rc/ros2_humble/install/examples_rclpy_minimal_subscriber:/home/bupt-rc/ros2_humble/install/examples_rclpy_minimal_service:/home/bupt-rc/ros2_humble/install/examples_rclpy_minimal_publisher:/home/bupt-rc/ros2_humble/install/examples_rclpy_minimal_client:/home/bupt-rc/ros2_humble/install/examples_rclpy_minimal_action_server:/home/bupt-rc/ros2_humble/install/examples_rclpy_minimal_action_client:/home/bupt-rc/ros2_humble/install/examples_rclpy_guard_conditions:/home/bupt-rc/ros2_humble/install/examples_rclpy_executors:/home/bupt-rc/ros2_humble/install/demo_nodes_py:/home/bupt-rc/ros2_humble/install/action_tutorials_py:/home/bupt-rc/ros2_humble/install/ament_uncrustify:/home/bupt-rc/ros2_humble/install/tracetools_trace:/home/bupt-rc/ros2_humble/install/tracetools_read:/home/bupt-rc/ros2_humble/install/test_tracetools_launch:/home/bupt-rc/ros2_humble/install/test_launch_ros:/home/bupt-rc/ros2_humble/install/sensor_msgs_py:/home/bupt-rc/ros2_humble/install/rpyutils:/home/bupt-rc/ros2_humble/install/rosidl_runtime_py:/home/bupt-rc/ros2_humble/install/rosidl_cli:/home/bupt-rc/ros2_humble/install/launch_pytest:/home/bupt-rc/ros2_humble/install/launch_testing:/home/bupt-rc/ros2_humble/install/launch_yaml:/home/bupt-rc/ros2_humble/install/launch_xml:/home/bupt-rc/ros2_humble/install/launch:/home/bupt-rc/ros2_humble/install/osrf_pycommon:/home/bupt-rc/ros2_humble/install/launch_testing_examples:/home/bupt-rc/ros2_humble/install/domain_coordinator:/home/bupt-rc/ros2_humble/install/ament_xmllint:/home/bupt-rc/ros2_humble/install/ament_pyflakes:/home/bupt-rc/ros2_humble/install/ament_pycodestyle:/home/bupt-rc/ros2_humble/install/ament_pep257:/home/bupt-rc/ros2_humble/install/ament_pclint:/home/bupt-rc/ros2_humble/install/ament_package:/home/bupt-rc/ros2_humble/install/ament_mypy:/home/bupt-rc/ros2_humble/install/ament_lint_cmake:/home/bupt-rc/ros2_humble/install/ament_flake8:/home/bupt-rc/ros2_humble/install/ament_copyright:/home/bupt-rc/ros2_humble/install/ament_lint:/home/bupt-rc/ros2_humble/install/ament_index_python:/home/bupt-rc/ros2_humble/install/ament_cpplint:/home/bupt-rc/ros2_humble/install/ament_cppcheck:/home/bupt-rc/ros2_humble/install/ament_clang_tidy:/home/bupt-rc/ros2_humble/install/ament_clang_format CONDA_PROMPT_MODIFIER=(ros_env) /usr/local/bin/cmake --build /home/bupt-rc/ros2_ws/bupt_rc_cv_ws/src/bupt_rc_cv_inference_Yolov8TensorrtBytetrack/build/bupt_rc_cv_inference_Yolov8TensorrtBytetrack -- -j6 -l6
